<?xml version="1.0" encoding="UTF-8"?>
<!-- Generated by org.testng.reporters.JUnitReportReporter -->
<testsuite hostname="Aliencita" failures="0" tests="1" name="Tests.test" time="8.568" errors="0" timestamp="2021-01-28T02:41:37 ART" skipped="0">
  <testcase classname="Tests.test" name="verifyHomepageTitle" time="8.568"/>
  <system-out/>
</testsuite> <!-- Tests.test -->
